<?xml version="1.0" encoding="UTF-8"?>
<!-- Generated by org.testng.reporters.JUnitXMLReporter -->
<testsuite ignored="0" hostname="INBENKARSELVAN1" failures="0" tests="4" name="Test" time="107.123" errors="0" timestamp="2022-05-27T12:46:27 IST">
  <testcase classname="com.automation.tests.Test_Loan" name="Test_EducationLoanCalculation_1" time="12.069"/>
  <testcase classname="com.automation.tests.Test_Loan" name="Test_EducationLoanCalculation_2" time="12.203"/>
  <testcase classname="com.automation.tests.Test_Loan2" name="Test_EducationLoanCalculation_3" time="16.12"/>
  <testcase classname="com.automation.tests.Test_Loan2" name="Test_EducationLoanCalculation_4" time="11.929"/>
</testsuite> <!-- Test -->
